<?xml version="1.0" encoding="UTF-8"?>
<testsuites>
  <testsuite name="C:\Users\332\Desktop\auth_project\backend\phpunit.xml" tests="71" assertions="170" errors="0" failures="0" skipped="0" time="19.930860">
    <testsuite name="All Tests" tests="71" assertions="170" errors="0" failures="0" skipped="0" time="19.930860">
      <testsuite name="LoginTest" file="C:\Users\332\Desktop\auth_project\backend\tests\Functional\Login\LoginTest.php" tests="10" assertions="21" errors="0" failures="0" skipped="0" time="4.698560">
        <testcase name="testLoginWithInvalidPhoneFormat" file="C:\Users\332\Desktop\auth_project\backend\tests\Functional\Login\LoginTest.php" line="179" class="LoginTest" classname="LoginTest" assertions="1" time="0.009959"/>
        <testcase name="testSessionCreationOnLogin" file="C:\Users\332\Desktop\auth_project\backend\tests\Functional\Login\LoginTest.php" line="111" class="LoginTest" classname="LoginTest" assertions="3" time="0.005301"/>
        <testcase name="testSessionCleanupForNonExistentUser" file="C:\Users\332\Desktop\auth_project\backend\tests\Functional\Login\LoginTest.php" line="195" class="LoginTest" classname="LoginTest" assertions="1" time="0.004663"/>
        <testcase name="testLoginWithNonExistentUser" file="C:\Users\332\Desktop\auth_project\backend\tests\Functional\Login\LoginTest.php" line="67" class="LoginTest" classname="LoginTest" assertions="1" time="0.004605"/>
        <testcase name="testSessionValidation" file="C:\Users\332\Desktop\auth_project\backend\tests\Functional\Login\LoginTest.php" line="129" class="LoginTest" classname="LoginTest" assertions="2" time="0.377665"/>
        <testcase name="testLoginWithNormalizedPhone" file="C:\Users\332\Desktop\auth_project\backend\tests\Functional\Login\LoginTest.php" line="152" class="LoginTest" classname="LoginTest" assertions="3" time="0.569890"/>
        <testcase name="testLoginWithWrongPassword" file="C:\Users\332\Desktop\auth_project\backend\tests\Functional\Login\LoginTest.php" line="40" class="LoginTest" classname="LoginTest" assertions="2" time="0.749437"/>
        <testcase name="testSuccessfulLogin" file="C:\Users\332\Desktop\auth_project\backend\tests\Functional\Login\LoginTest.php" line="14" class="LoginTest" classname="LoginTest" assertions="2" time="0.746213"/>
        <testcase name="testPasswordCaseSensitivity" file="C:\Users\332\Desktop\auth_project\backend\tests\Functional\Login\LoginTest.php" line="83" class="LoginTest" classname="LoginTest" assertions="2" time="0.928984"/>
        <testcase name="testPasswordBruteForceProtection" file="C:\Users\332\Desktop\auth_project\backend\tests\Functional\Login\LoginTest.php" line="218" class="LoginTest" classname="LoginTest" assertions="4" time="1.301844"/>
      </testsuite>
      <testsuite name="RecoveryTest" file="C:\Users\332\Desktop\auth_project\backend\tests\Functional\Recovery\RecoveryTest.php" tests="16" assertions="41" errors="0" failures="0" skipped="0" time="7.845285">
        <testcase name="testFindNonExistentUserByPhone" file="C:\Users\332\Desktop\auth_project\backend\tests\Functional\Recovery\RecoveryTest.php" line="34" class="RecoveryTest" classname="RecoveryTest" assertions="1" time="0.004731"/>
        <testcase name="testRecoveryTokenValidation" file="C:\Users\332\Desktop\auth_project\backend\tests\Functional\Recovery\RecoveryTest.php" line="129" class="RecoveryTest" classname="RecoveryTest" assertions="3" time="0.004597"/>
        <testcase name="testRecoveryTokenExpiration" file="C:\Users\332\Desktop\auth_project\backend\tests\Functional\Recovery\RecoveryTest.php" line="145" class="RecoveryTest" classname="RecoveryTest" assertions="2" time="0.004713"/>
        <testcase name="testNewPasswordValidationOnReset" file="C:\Users\332\Desktop\auth_project\backend\tests\Functional\Recovery\RecoveryTest.php" line="187" class="RecoveryTest" classname="RecoveryTest" assertions="2" time="0.004794"/>
        <testcase name="testRecoveryDataCleanupAfterReset" file="C:\Users\332\Desktop\auth_project\backend\tests\Functional\Recovery\RecoveryTest.php" line="254" class="RecoveryTest" classname="RecoveryTest" assertions="3" time="0.004453"/>
        <testcase name="testRecoveryWithInvalidToken" file="C:\Users\332\Desktop\auth_project\backend\tests\Functional\Recovery\RecoveryTest.php" line="278" class="RecoveryTest" classname="RecoveryTest" assertions="2" time="0.004300"/>
        <testcase name="testRecoveryWithExpiredToken" file="C:\Users\332\Desktop\auth_project\backend\tests\Functional\Recovery\RecoveryTest.php" line="294" class="RecoveryTest" classname="RecoveryTest" assertions="2" time="0.004384"/>
        <testcase name="testRecoveryTokenGeneration" file="C:\Users\332\Desktop\auth_project\backend\tests\Functional\Recovery\RecoveryTest.php" line="116" class="RecoveryTest" classname="RecoveryTest" assertions="3" time="0.004731"/>
        <testcase name="testSecretQuestionRetrieval" file="C:\Users\332\Desktop\auth_project\backend\tests\Functional\Recovery\RecoveryTest.php" line="50" class="RecoveryTest" classname="RecoveryTest" assertions="2" time="0.378017"/>
        <testcase name="testFindUserByPhone" file="C:\Users\332\Desktop\auth_project\backend\tests\Functional\Recovery\RecoveryTest.php" line="14" class="RecoveryTest" classname="RecoveryTest" assertions="2" time="0.376937"/>
        <testcase name="testCorrectSecretAnswerVerification" file="C:\Users\332\Desktop\auth_project\backend\tests\Functional\Recovery\RecoveryTest.php" line="79" class="RecoveryTest" classname="RecoveryTest" assertions="1" time="0.746179"/>
        <testcase name="testWrongSecretAnswerVerification" file="C:\Users\332\Desktop\auth_project\backend\tests\Functional\Recovery\RecoveryTest.php" line="97" class="RecoveryTest" classname="RecoveryTest" assertions="1" time="0.743290"/>
        <testcase name="testPasswordResetWithNewPassword" file="C:\Users\332\Desktop\auth_project\backend\tests\Functional\Recovery\RecoveryTest.php" line="160" class="RecoveryTest" classname="RecoveryTest" assertions="2" time="1.117567"/>
        <testcase name="testSecretAnswerCaseInsensitivity" file="C:\Users\332\Desktop\auth_project\backend\tests\Functional\Recovery\RecoveryTest.php" line="228" class="RecoveryTest" classname="RecoveryTest" assertions="4" time="1.296074"/>
        <testcase name="testFullPasswordRecoveryProcess" file="C:\Users\332\Desktop\auth_project\backend\tests\Functional\Recovery\RecoveryTest.php" line="308" class="RecoveryTest" classname="RecoveryTest" assertions="5" time="1.486300"/>
        <testcase name="testSecretAnswerBruteForceProtection" file="C:\Users\332\Desktop\auth_project\backend\tests\Functional\Recovery\RecoveryTest.php" line="203" class="RecoveryTest" classname="RecoveryTest" assertions="6" time="1.664217"/>
      </testsuite>
      <testsuite name="RegistrationTest" file="C:\Users\332\Desktop\auth_project\backend\tests\Functional\Registration\RegistrationTest.php" tests="15" assertions="47" errors="0" failures="0" skipped="0" time="5.997564">
        <testcase name="testRegistrationFormValidation" file="C:\Users\332\Desktop\auth_project\backend\tests\Functional\Registration\RegistrationTest.php" line="112" class="RegistrationTest" classname="RegistrationTest" assertions="3" time="0.005105"/>
        <testcase name="testRegistrationWithDifferentPhoneFormats" file="C:\Users\332\Desktop\auth_project\backend\tests\Functional\Registration\RegistrationTest.php" line="189" class="RegistrationTest" classname="RegistrationTest" assertions="6" time="0.004612"/>
        <testcase name="testRegistrationWithBoundaryPasswordLength" file="C:\Users\332\Desktop\auth_project\backend\tests\Functional\Registration\RegistrationTest.php" line="243" class="RegistrationTest" classname="RegistrationTest" assertions="2" time="0.004704"/>
        <testcase name="testRegistrationWithEnglishLettersAndNumbers" file="C:\Users\332\Desktop\auth_project\backend\tests\Functional\Registration\RegistrationTest.php" line="259" class="RegistrationTest" classname="RegistrationTest" assertions="3" time="0.004473"/>
        <testcase name="testRegistrationShortPassword" file="C:\Users\332\Desktop\auth_project\backend\tests\Functional\Registration\RegistrationTest.php" line="82" class="RegistrationTest" classname="RegistrationTest" assertions="2" time="0.005051"/>
        <testcase name="testSecretAnswerMinLength" file="C:\Users\332\Desktop\auth_project\backend\tests\Functional\Registration\RegistrationTest.php" line="229" class="RegistrationTest" classname="RegistrationTest" assertions="3" time="0.005017"/>
        <testcase name="testSQLInjectionProtection" file="C:\Users\332\Desktop\auth_project\backend\tests\Functional\Registration\RegistrationTest.php" line="274" class="RegistrationTest" classname="RegistrationTest" assertions="2" time="0.376171"/>
        <testcase name="testPhoneUniquenessCheck" file="C:\Users\332\Desktop\auth_project\backend\tests\Functional\Registration\RegistrationTest.php" line="94" class="RegistrationTest" classname="RegistrationTest" assertions="1" time="0.376029"/>
        <testcase name="testSuccessfulRegistration" file="C:\Users\332\Desktop\auth_project\backend\tests\Functional\Registration\RegistrationTest.php" line="14" class="RegistrationTest" classname="RegistrationTest" assertions="5" time="0.382163"/>
        <testcase name="testDatabaseRecordCreation" file="C:\Users\332\Desktop\auth_project\backend\tests\Functional\Registration\RegistrationTest.php" line="166" class="RegistrationTest" classname="RegistrationTest" assertions="6" time="0.377310"/>
        <testcase name="testRegistrationDuplicatePhone" file="C:\Users\332\Desktop\auth_project\backend\tests\Functional\Registration\RegistrationTest.php" line="44" class="RegistrationTest" classname="RegistrationTest" assertions="2" time="0.743406"/>
        <testcase name="testPasswordHashingOnRegistration" file="C:\Users\332\Desktop\auth_project\backend\tests\Functional\Registration\RegistrationTest.php" line="133" class="RegistrationTest" classname="RegistrationTest" assertions="2" time="0.741132"/>
        <testcase name="testSecretAnswerHashing" file="C:\Users\332\Desktop\auth_project\backend\tests\Functional\Registration\RegistrationTest.php" line="149" class="RegistrationTest" classname="RegistrationTest" assertions="2" time="0.742450"/>
        <testcase name="testRegistrationWithDifferentSecretQuestions" file="C:\Users\332\Desktop\auth_project\backend\tests\Functional\Registration\RegistrationTest.php" line="208" class="RegistrationTest" classname="RegistrationTest" assertions="6" time="2.225347"/>
        <testcase name="testRegistrationInvalidPhoneFormat" file="C:\Users\332\Desktop\auth_project\backend\tests\Functional\Registration\RegistrationTest.php" line="65" class="RegistrationTest" classname="RegistrationTest" assertions="2" time="0.004596"/>
      </testsuite>
      <testsuite name="PasswordValidationTest" file="C:\Users\332\Desktop\auth_project\backend\tests\Unit\PasswordValidationTest.php" tests="11" assertions="18" errors="0" failures="0" skipped="0" time="0.787990">
        <testcase name="testValidPasswordWithLettersAndNumbers" file="C:\Users\332\Desktop\auth_project\backend\tests\Unit\PasswordValidationTest.php" line="14" class="PasswordValidationTest" classname="PasswordValidationTest" assertions="2" time="0.004722"/>
        <testcase name="testValidPasswordMinLength" file="C:\Users\332\Desktop\auth_project\backend\tests\Unit\PasswordValidationTest.php" line="25" class="PasswordValidationTest" classname="PasswordValidationTest" assertions="1" time="0.004600"/>
        <testcase name="testInvalidPasswordTooShort" file="C:\Users\332\Desktop\auth_project\backend\tests\Unit\PasswordValidationTest.php" line="35" class="PasswordValidationTest" classname="PasswordValidationTest" assertions="2" time="0.004476"/>
        <testcase name="testInvalidPasswordOnlyNumbers" file="C:\Users\332\Desktop\auth_project\backend\tests\Unit\PasswordValidationTest.php" line="46" class="PasswordValidationTest" classname="PasswordValidationTest" assertions="2" time="0.004545"/>
        <testcase name="testInvalidPasswordOnlyLetters" file="C:\Users\332\Desktop\auth_project\backend\tests\Unit\PasswordValidationTest.php" line="57" class="PasswordValidationTest" classname="PasswordValidationTest" assertions="2" time="0.004753"/>
        <testcase name="testValidPasswordMaxLength" file="C:\Users\332\Desktop\auth_project\backend\tests\Unit\PasswordValidationTest.php" line="80" class="PasswordValidationTest" classname="PasswordValidationTest" assertions="1" time="0.004462"/>
        <testcase name="testValidPasswordMixedCase" file="C:\Users\332\Desktop\auth_project\backend\tests\Unit\PasswordValidationTest.php" line="90" class="PasswordValidationTest" classname="PasswordValidationTest" assertions="1" time="0.004450"/>
        <testcase name="testInvalidPasswordEmpty" file="C:\Users\332\Desktop\auth_project\backend\tests\Unit\PasswordValidationTest.php" line="125" class="PasswordValidationTest" classname="PasswordValidationTest" assertions="1" time="0.004570"/>
        <testcase name="testPasswordVerifyWrongPassword" file="C:\Users\332\Desktop\auth_project\backend\tests\Unit\PasswordValidationTest.php" line="113" class="PasswordValidationTest" classname="PasswordValidationTest" assertions="1" time="0.374896"/>
        <testcase name="testPasswordHashing" file="C:\Users\332\Desktop\auth_project\backend\tests\Unit\PasswordValidationTest.php" line="100" class="PasswordValidationTest" classname="PasswordValidationTest" assertions="3" time="0.371305"/>
        <testcase name="testInvalidPasswordWithRussianLetters" file="C:\Users\332\Desktop\auth_project\backend\tests\Unit\PasswordValidationTest.php" line="69" class="PasswordValidationTest" classname="PasswordValidationTest" assertions="2" time="0.005210"/>
      </testsuite>
      <testsuite name="PhoneValidationTest" file="C:\Users\332\Desktop\auth_project\backend\tests\Unit\PhoneValidationTest.php" tests="10" assertions="10" errors="0" failures="0" skipped="0" time="0.045178">
        <testcase name="testValidPhoneFormatPlus7" file="C:\Users\332\Desktop\auth_project\backend\tests\Unit\PhoneValidationTest.php" line="14" class="PhoneValidationTest" classname="PhoneValidationTest" assertions="1" time="0.004461"/>
        <testcase name="testNormalizePhoneFrom8" file="C:\Users\332\Desktop\auth_project\backend\tests\Unit\PhoneValidationTest.php" line="23" class="PhoneValidationTest" classname="PhoneValidationTest" assertions="1" time="0.004416"/>
        <testcase name="testNormalizePhoneWithoutDashes" file="C:\Users\332\Desktop\auth_project\backend\tests\Unit\PhoneValidationTest.php" line="33" class="PhoneValidationTest" classname="PhoneValidationTest" assertions="1" time="0.004562"/>
        <testcase name="testNormalizeInternationalFormat" file="C:\Users\332\Desktop\auth_project\backend\tests\Unit\PhoneValidationTest.php" line="43" class="PhoneValidationTest" classname="PhoneValidationTest" assertions="1" time="0.004656"/>
        <testcase name="testInvalidPhoneTooShort" file="C:\Users\332\Desktop\auth_project\backend\tests\Unit\PhoneValidationTest.php" line="53" class="PhoneValidationTest" classname="PhoneValidationTest" assertions="1" time="0.004417"/>
        <testcase name="testInvalidPhoneTooLong" file="C:\Users\332\Desktop\auth_project\backend\tests\Unit\PhoneValidationTest.php" line="62" class="PhoneValidationTest" classname="PhoneValidationTest" assertions="1" time="0.004554"/>
        <testcase name="testInvalidPhoneWrongFormat" file="C:\Users\332\Desktop\auth_project\backend\tests\Unit\PhoneValidationTest.php" line="71" class="PhoneValidationTest" classname="PhoneValidationTest" assertions="1" time="0.004783"/>
        <testcase name="testInvalidPhoneWithoutPlus" file="C:\Users\332\Desktop\auth_project\backend\tests\Unit\PhoneValidationTest.php" line="80" class="PhoneValidationTest" classname="PhoneValidationTest" assertions="1" time="0.004452"/>
        <testcase name="testNormalizePhoneWithSpaces" file="C:\Users\332\Desktop\auth_project\backend\tests\Unit\PhoneValidationTest.php" line="89" class="PhoneValidationTest" classname="PhoneValidationTest" assertions="1" time="0.004508"/>
        <testcase name="testInvalidPhoneWrongDigitCount" file="C:\Users\332\Desktop\auth_project\backend\tests\Unit\PhoneValidationTest.php" line="99" class="PhoneValidationTest" classname="PhoneValidationTest" assertions="1" time="0.004370"/>
      </testsuite>
      <testsuite name="SimpleTest" file="C:\Users\332\Desktop\auth_project\backend\tests\SimpleTest.php" tests="3" assertions="5" errors="0" failures="0" skipped="0" time="0.000613">
        <testcase name="testDatabaseExists" file="C:\Users\332\Desktop\auth_project\backend\tests\SimpleTest.php" line="25" class="SimpleTest" classname="SimpleTest" assertions="1" time="0.000444"/>
        <testcase name="testBasicMath" file="C:\Users\332\Desktop\auth_project\backend\tests\SimpleTest.php" line="7" class="SimpleTest" classname="SimpleTest" assertions="3" time="0.000094"/>
        <testcase name="testPhoneValidation" file="C:\Users\332\Desktop\auth_project\backend\tests\SimpleTest.php" line="14" class="SimpleTest" classname="SimpleTest" assertions="1" time="0.000075"/>
      </testsuite>
      <testsuite name="ValidationTest" file="C:\Users\332\Desktop\auth_project\backend\tests\Unit\ValidationTest.php" tests="6" assertions="28" errors="0" failures="0" skipped="0" time="0.555670">
        <testcase name="testValidPhoneFormats" file="C:\Users\332\Desktop\auth_project\backend\tests\Unit\ValidationTest.php" line="14" class="ValidationTest" classname="ValidationTest" assertions="4" time="0.000105"/>
        <testcase name="testPasswordRequirements" file="C:\Users\332\Desktop\auth_project\backend\tests\Unit\ValidationTest.php" line="48" class="ValidationTest" classname="ValidationTest" assertions="12" time="0.000148"/>
        <testcase name="testInvalidPhoneFormats" file="C:\Users\332\Desktop\auth_project\backend\tests\Unit\ValidationTest.php" line="28" class="ValidationTest" classname="ValidationTest" assertions="6" time="0.000107"/>
        <testcase name="testPasswordMaxLengthIsValid" file="C:\Users\332\Desktop\auth_project\backend\tests\Unit\ValidationTest.php" line="72" class="ValidationTest" classname="ValidationTest" assertions="2" time="0.000090"/>
        <testcase name="testPassword123IsInvalid" file="C:\Users\332\Desktop\auth_project\backend\tests\Unit\ValidationTest.php" line="85" class="ValidationTest" classname="ValidationTest" assertions="2" time="0.000090"/>
        <testcase name="testPasswordHashVerification" file="C:\Users\332\Desktop\auth_project\backend\tests\Unit\ValidationTest.php" line="94" class="ValidationTest" classname="ValidationTest" assertions="2" time="0.555129"/>
      </testsuite>
    </testsuite>
  </testsuite>
</testsuites>
